do run
loading script "jan_unknown120_60.py"
loading script "jan_pump_ms.py"
loading script "jan_co2.py"
loading script "jan_pump_extraction_line.py"
testing...
no interpolation path defined
executed snippet estimated_duration=197.4, duration=0.000401973724365
script duration name:unknown120_60 seconds:197.0
loading script "jan_unknown120_60.py"
loading script "jan_pump_ms.py"
loading script "jan_co2.py"
loading script "jan_pump_extraction_line.py"
testing...
no interpolation path defined
executed snippet estimated_duration=0, duration=2.71797180176e-05
loading script "jan_unknown120_60.py"
loading script "jan_pump_ms.py"
loading script "jan_co2.py"
loading script "jan_pump_extraction_line.py"
testing...
no interpolation path defined
calculate duration
testing...
no interpolation path defined
executed snippet estimated_duration=0, duration=6.31809234619e-05
calculate duration
testing...
no interpolation path defined
executed snippet estimated_duration=0, duration=9.98973846436e-05
executed snippet estimated_duration=0.0, duration=0.00230097770691
script duration name:co2 seconds:0.0
loading script "jan_unknown120_60.py"
loading script "jan_pump_ms.py"
loading script "jan_co2.py"
loading script "jan_pump_extraction_line.py"
testing...
no interpolation path defined
calculate duration
testing...
no interpolation path defined
executed snippet estimated_duration=4.0, duration=0.000141859054565
executed snippet estimated_duration=4.0, duration=0.00120091438293
Script duration 197.0
Run total estimated duration= 198.000
run duration: 0:03:18
doing event level: 2
17:33:37 -- Setting default integration. t=1.048576
setting integration time = 1.048576
SetIntegrationTime 1.048576 ===>> OK
----------------- start -----------------
**************** Experiment Type: Ar/Ar, Ar/Ar
create new session 4956031600
close session 4956031600
$$$$$ Clearing conditionals
adding conditionals 
Add queue conditionals
add default conditionals
adding default conditionals from /Users/jan/PychronDev/setupfiles/spectrometer/default_conditionals.yaml
Start automated run 25588-03
loading script "jan_unknown120_60.py"
loading script "jan_pump_ms.py"
loading script "jan_co2.py"
loading script "jan_pump_extraction_line.py"
%%%%%%%%%%%%%%%%%% setting automated run 25588-03
No value "sensitivity_multiplier" in metadata
$$$$$$$$$$$$$$$ auto_save_detector_ic=False
============================= Pre Extraction Check =============================
loading queue conditionals pre_run_terminations
loading system conditionals pre_run_terminations
loading conditionals from /Users/jan/PychronDev/setupfiles/spectrometer/default_conditionals.yaml
17:33:37 -- ******* Pre Extraction Check *******
Get a measurement from the spectrometer
Pre Extraction Termination data. keys=H2,H1,AX,L1,L2,CDD, signals=-0.08890,0.07928,0.10784,0.11976,-0.10258,0.00015
17:33:37 -- testing system defined conditionals
Checking default pre extraction terminations n=2
testing CDD
evaluate ot="CDD.inactive" t="CDD", ctx="{'CDD': False}"
GetDeflection CDD ===>> 50
testing CDD==2000
evaluate ot="CDD.deflection==2000" t="CDD==2000", ctx="{'CDD': 50.0}"
17:33:37 -- ******* Pre Extraction Check Passed *******
=================================================================================
17:33:37 -- stopping status monitor
stop 4942820848
Status monitor stopped
Status monitor finished
17:33:39 -- starting status monitor
start 4942820848
StatusMonitor period=1. Frequencies(state=2, checksum=3, lock=5, owner=5)
start extraction
do extraction
Analysis started at 17:33:40.677631
Extraction Started jan_co2.py
17:33:40 -- ******* Extraction Started jan_co2.py *******
state changed from not run to extraction
DO EXTRACTION <pychron.extraction_line.pyscript_runner.RemotePyScriptRunner object at 0x12959f530>
testing...
no interpolation path defined
calculate duration
testing...
no interpolation path defined
executed snippet estimated_duration=0, duration=6.19888305664e-05
calculate duration
testing...
no interpolation path defined
executed snippet estimated_duration=0, duration=0.000181913375854
executed snippet estimated_duration=100.0, duration=0.00279903411865
Jan CO2 laser analysis
doing GOSUB
testing...
no interpolation path defined
executed snippet estimated_duration=0, duration=5.91278076172e-05
Waiting for CO2 access
wait ('FelixCO2Flag', 0) {}
waiting for FelixCO2Flag = 0
Read FelixCO2Flag ===>> 0
finished waiting
CO2 free
wait ('CO2PumpTimeFlag', 0) {}
waiting for CO2PumpTimeFlag = 0
Read CO2PumpTimeFlag ===>> 0
finished waiting
acquire ('JanCO2Flag',) {'clear': True}
acquire JanCO2Flag
Set JanCO2Flag 1 ===>> OK
JanCO2Flag acquired
set extraction state False (0.75, 'red', 1.5)
CO2 acquired
executed snippet estimated_duration=0, duration=0.115877866745
WaitForCO2Access.py completed successfully
gosub finished
doing GOSUB
testing...
no interpolation path defined
executed snippet estimated_duration=0, duration=0.000120878219604
Prepare for CO2 analysis
close () {'description': 'Jan Inlet'}
close name=--- desc=Jan Inlet
checking ownership. requestor=129.138.12.150
check software interlocks R
interlocks []
actuate state mode=None-script, software_lock=False
doing actuation None-script close_channel False
Close R ===>> OK
GetIndicatorState R ===>> False
change switch state (True, True)
update switch state R False args=() kw={} ncanvase=2
17:33:41 -- CLOSE  VALVE-R (Jan Inlet)
-------------------------- close None (Jan Inlet) result=[(True, True)]
action=close, ok=True, locked=[False]
open () {'description': 'Jan Ion Pump'}
open name=--- desc=Jan Ion Pump
checking ownership. requestor=129.138.12.150
check software interlocks O
interlocks []
actuate state mode=None-script, software_lock=False
doing actuation None-script open_channel False
Open O ===>> OK
GetIndicatorState O ===>> OK
change switch state (True, True)
update switch state O True args=() kw={} ncanvase=2
17:33:41 -- OPEN   VALVE-O (Jan Ion Pump)
-------------------------- open None (Jan Ion Pump) result=[(True, True)]
action=open, ok=True, locked=[False]
close () {'description': 'Microbone to Minibone'}
close name=--- desc=Microbone to Minibone
checking ownership. requestor=129.138.12.150
check software interlocks L
interlocks []
actuate state mode=None-script, software_lock=False
doing actuation None-script close_channel False
Close L ===>> OK
GetIndicatorState L ===>> False
change switch state (True, True)
update switch state L False args=() kw={} ncanvase=2
17:33:42 -- CLOSE  VALVE-L (Microbone to Minibone)
-------------------------- close None (Microbone to Minibone) result=[(True, True)]
action=close, ok=True, locked=[False]
open () {'description': 'Microbone to Turbo'}
open name=--- desc=Microbone to Turbo
checking ownership. requestor=129.138.12.150
check software interlocks U
interlocks []
actuate state mode=None-script, software_lock=False
doing actuation None-script open_channel False
Open U ===>> OK
GetIndicatorState U ===>> OK
change switch state (True, True)
update switch state U True args=() kw={} ncanvase=2
17:33:42 -- OPEN   VALVE-U (Microbone to Turbo)
-------------------------- open None (Microbone to Turbo) result=[(True, True)]
action=open, ok=True, locked=[False]
open () {'description': 'Microbone to Inlet Pipette'}
open name=--- desc=Microbone to Inlet Pipette
checking ownership. requestor=129.138.12.150
check software interlocks S
interlocks []
actuate state mode=None-script, software_lock=False
doing actuation None-script open_channel False
Open S ===>> OK
GetIndicatorState S ===>> OK
change switch state (True, True)
update switch state S True args=() kw={} ncanvase=2
17:33:43 -- OPEN   VALVE-S (Microbone to Inlet Pipette)
-------------------------- open None (Microbone to Inlet Pipette) result=[(True, True)]
action=open, ok=True, locked=[False]
open () {'description': 'Microbone to Getter D-50'}
open name=--- desc=Microbone to Getter D-50
checking ownership. requestor=129.138.12.150
check software interlocks K
interlocks []
actuate state mode=None-script, software_lock=False
doing actuation None-script open_channel False
Open K ===>> OK
GetIndicatorState K ===>> OK
change switch state (True, True)
update switch state K True args=() kw={} ncanvase=2
17:33:44 -- OPEN   VALVE-K (Microbone to Getter D-50)
-------------------------- open None (Microbone to Getter D-50) result=[(True, True)]
action=open, ok=True, locked=[False]
open () {'description': 'Microbone to Getter NP-10'}
open name=--- desc=Microbone to Getter NP-10
checking ownership. requestor=129.138.12.150
check software interlocks M
interlocks []
actuate state mode=None-script, software_lock=False
doing actuation None-script open_channel False
Open M ===>> OK
GetIndicatorState M ===>> OK
change switch state (True, True)
update switch state M True args=() kw={} ncanvase=2
17:33:45 -- OPEN   VALVE-M (Microbone to Getter NP-10)
-------------------------- open None (Microbone to Getter NP-10) result=[(True, True)]
action=open, ok=True, locked=[False]
close () {'description': 'CO2 Laser to Felix'}
close name=--- desc=CO2 Laser to Felix
checking ownership. requestor=129.138.12.150
check software interlocks F
interlocks []
actuate state mode=None-script, software_lock=True
VALVE-F(CO2 Laser to Felix) software locked
change switch state (True, False)
-------------------------- close None (CO2 Laser to Felix) result=[(True, False)]
action=close, ok=True, locked=[True]
open () {'description': 'CO2 Laser to Jan'}
open name=--- desc=CO2 Laser to Jan
checking ownership. requestor=129.138.12.150
check software interlocks A
interlocks []
actuate state mode=None-script, software_lock=False
doing actuation None-script open_channel False
Open A ===>> OK
GetIndicatorState A ===>> OK
change switch state (True, True)
update switch state A True args=() kw={} ncanvase=2
17:33:45 -- OPEN   VALVE-A (CO2 Laser to Jan)
-------------------------- open None (CO2 Laser to Jan) result=[(True, True)]
action=open, ok=True, locked=[False]
open () {'description': 'Microbone to CO2 Laser'}
open name=--- desc=Microbone to CO2 Laser
checking ownership. requestor=129.138.12.150
check software interlocks T
interlocks []
actuate state mode=None-script, software_lock=False
doing actuation None-script open_channel False
Open T ===>> OK
GetIndicatorState T ===>> OK
change switch state (True, True)
update switch state T True args=() kw={} ncanvase=2
17:33:46 -- OPEN   VALVE-T (Microbone to CO2 Laser)
-------------------------- open None (Microbone to CO2 Laser) result=[(True, True)]
action=open, ok=True, locked=[False]
executed snippet estimated_duration=0, duration=5.67342400551
PrepareForCO2Analysis.py completed successfully
gosub finished
set_motor ('beam', '1.25') {}
setting motor "beam" to 1.25
set motor beam to 1.25
SetMotor beam,1.25 ===>> OK
GetMotorMoving beam ===>> False
GetMotorMoving beam ===>> False
Block completed
move_to_position ('201',) {'autocenter': True}
FusionsCO2 move to position 201
sending GoToHole 201,True
GoToHole 201,True ===>> OK
GetDriveMoving ===>> OK
GetDriveMoving ===>> OK
GetDriveMoving ===>> OK
GetDriveMoving ===>> OK
GetDriveMoving ===>> OK
GetDriveMoving ===>> OK
GetDriveMoving ===>> False
GetDriveMoving ===>> OK
GetDriveMoving ===>> OK
GetDriveMoving ===>> OK
GetDriveMoving ===>> OK
GetDriveMoving ===>> OK
GetDriveMoving ===>> OK
GetDriveMoving ===>> False
Block completed
GetAutoCorrecting ===>> False
GetAutoCorrecting ===>> False
Block completed
update position
GetPosition ===>> -1.99390,-11.96340,1.00000
got position (-1.9939, -11.9634, 1.0)
move to position succeeded
sleep (5,) {}
SLEEP 5.0
block started
WaitControl setup for 5.0  
Join finished
block finished. duration 5.06528115273
close () {'description': 'Microbone to Turbo'}
close name=--- desc=Microbone to Turbo
checking ownership. requestor=129.138.12.150
check software interlocks U
interlocks []
actuate state mode=None-script, software_lock=False
doing actuation None-script close_channel True
Close U ===>> OK
GetIndicatorState U ===>> False
change switch state (True, True)
update switch state U False args=() kw={} ncanvase=2
17:33:58 -- CLOSE  VALVE-U (Microbone to Turbo)
-------------------------- close None (Microbone to Turbo) result=[(True, True)]
action=close, ok=True, locked=[False]
enable laser
enable () {}
set extraction state FusionsCO2 Enabled (False, 'red', 1.5)
enabling laser
Enable ===>> OK
begin interval
BEGIN INTERVAL Interval 1 waiting for 30.0
block started
set extract to 4.5
WaitControl setup for 30.0  
extract (4.5,) {}
GetPosition ===>> -1.99390,-11.96340,1.00000
set extraction state FusionsCO2 ON! 4.5(watts) (0.75, 'red', 1.5)
extract sample to 4.5 (watts)
set laser output
SetLaserOutput 4.5,watts ===>> OK
executing pattern triangle.lp
execute_pattern ('triangle.lp',) {}
executing pattern triangle.lp
IsPatterning ===>> OK
IsPatterning ===>> OK
IsPatterning ===>> OK
IsPatterning ===>> OK
IsPatterning ===>> OK
IsPatterning ===>> OK
IsPatterning ===>> OK
IsPatterning ===>> OK
IsPatterning ===>> OK
IsPatterning ===>> OK
IsPatterning ===>> OK
IsPatterning ===>> OK
IsPatterning ===>> OK
IsPatterning ===>> OK
IsPatterning ===>> OK
IsPatterning ===>> OK
IsPatterning ===>> OK
IsPatterning ===>> OK
IsPatterning ===>> OK
IsPatterning ===>> OK
IsPatterning ===>> OK
IsPatterning ===>> OK
IsPatterning ===>> OK
IsPatterning ===>> OK
IsPatterning ===>> OK
IsPatterning ===>> OK
IsPatterning ===>> False
IsPatterning ===>> False
Block completed
COMPLETE INTERVAL waiting for Interval 1 to complete
Join finished
block finished. duration 30.1265799999
Interval 1 finished
end_extract () {}
ending extraction. set laser power to 0
set laser power 0
SetLaserPower 0 ===>> OK
disable () {}
%%%%%%%%%%%%%%%%%%%%%%%%%%%%%%%%%%% disable
set extraction state False (0.75, 'red', 1.5)
disabling laser
Disable ===>> OK
sleep (30.0,) {}
SLEEP 30.0
block started
WaitControl setup for 30.0  
Join finished
block finished. duration 30.1181118488
executed snippet estimated_duration=166.0, duration=79.7758209705
jan_co2.py completed successfully
GetAchievedOutput ===>> No Response
Requested Output= 0.000
Achieved Output=  0.000
GetResponseBlob ===>> No Response
GetOutputBlob ===>> No Response
persistence save...
persistence save - db
AutomatedRunPersister post_extraction_save deprecated
persistence save - dvc
no extraction position for 201
not connected to db mysql://janexp@129.138.12.160/labspy
Enviromentals: {'lab_humiditys': [{'device': 'EnvironmentalMonitor',
                    'name': 'Lab Hum.',
                    'pub_date': '2017-08-11T16:43:50',
                    'title': 'iServer Hum.',
                    'value': 52.7}],
 'lab_pneumatics': [{'device': 'AirPressure',
                     'name': 'Pressure',
                     'pub_date': '2017-08-11T17:33:32',
                     'title': None,
                     'value': 97.425},
                    {'device': 'AirPressure2',
                     'name': 'Pressure2',
                     'pub_date': '2017-08-11T17:33:56',
                     'title': None,
                     'value': 98.46226}],
 'lab_temperatures': [{'device': 'Coldfinger',
                       'name': 'ColdFinger Temp.',
                       'pub_date': '2017-08-11T16:13:37',
                       'title': None,
                       'value': -193.0},
                      {'device': 'EnvironmentalMonitor',
                       'name': 'Lab Temp.',
                       'pub_date': '2017-08-11T17:07:03',
                       'title': 'iServer Temp.',
                       'value': 75.7},
                      {'device': 'Chiller',
                       'name': 'Coolant Temp.',
                       'pub_date': '2017-08-11T17:22:14',
                       'title': None,
                       'value': 18.0}]}
Extraction Finished
17:35:03 -- ******* Extraction Finished *******
no overlap. not waiting for min ms pumptime
17:35:03 -- Sending spectrometer configuration
======== Sending configuration ========
SetDeflection CDD,50.0 ===>> OK
SetDeflection H2,0.0 ===>> OK
SetDeflection H1,0.0 ===>> OK
SetDeflection L2,825.0 ===>> OK
SetDeflection L1,400.0 ===>> OK
SetDeflection AX,190.0 ===>> OK
SetZFocus 74.64 ===>> OK
SetZSymmetry -50.72 ===>> OK
SetExtractionLens 26.13 ===>> OK
SetIonRepeller -3.81 ===>> OK
SetElectronEnergy 75.08 ===>> OK
SetYSymmetry -2.81 ===>> OK
SetIonCounterVoltage 1590.0 ===>> OK
send trap current 200.0
GetParameter Trap Current Readback ===>> 198.258926936459
SetParameter Trap Current Set,200.0 ===>> OK
updating mftable name mftable
Using mftable located at /Users/jan/PychronDev/setupfiles/spectrometer/mftables/mftable.csv
============ MFtable ===========
Isotope  H2     H1     AX     L1     L2     CDD    
Ar40     6.0549 5.8785 5.9923 6.1934 6.2297 6.6787
Ar39     6.0098 5.7694 6.0564 6.3365 6.1124 6.5652
Ar36     5.6873 5.4384 5.7197 5.9954 5.7674 6.2163
================================
get initial guess parabolic
get initial guess parabolic
get initial guess parabolic
get initial guess parabolic
get initial guess parabolic
get initial guess parabolic
======== Configuration Finished ========
GetYSymmetry ===>> -2.81
GetZSymmetry ===>> -50.72
GetParameter Trap Current Readback ===>> 198.147042666178
GetHighVoltage ===>> 4499.94659342336
start measurement
do measurement
L#=25588 analysis type=unknown
Measurement Started jan_unknown120_60.py
17:35:03 -- ******* Measurement Started jan_unknown120_60.py *******
state changed from extraction to measurement
setting trap, emission, spec, defl, and gains
GetExtractionLens ===>> 26.13
GetYSymmetry ===>> -2.81
GetZSymmetry ===>> -50.72
GetZFocus ===>> 74.64
GetDeflection H2 ===>> 0
GetDeflection H1 ===>> 0
GetDeflection AX ===>> 190
GetDeflection L1 ===>> 400
GetDeflection L2 ===>> 825
GetDeflection CDD ===>> 50
GetGain H2 ===>> 0.0113
GetGain H1 ===>> 0.1
GetGain AX ===>> 0.09645
GetGain L1 ===>> 0.010309
GetGain L2 ===>> 0.091218
GetGain CDD ===>> 0
GetParameter Trap Current Readback ===>> 197.923274125618
GetParameter Source Current Readback ===>> 553.996337667094
pre measurement save
New frame /Users/jan/PychronDev/data/isotopes/15/256571-2ac3-4acd-91b0-edaaf09ea973.h5
flush and close file /Users/jan/PychronDev/data/isotopes/15/256571-2ac3-4acd-91b0-edaaf09ea973.h5
testing...
no interpolation path defined
executed snippet estimated_duration=209.88, duration=0.000162839889526
unknown measurement script
activate_detectors ('H2', 'H1', 'AX', 'L1', 'L2', 'CDD') {}
activate detectors
*************** Set Analysis View Ar/Ar
create graphs
clearing graphs
clear isotope group
setting isotope det=H2, iso=Ar41
setting isotope det=H1, iso=Ar40
setting isotope det=AX, iso=Ar39
setting isotope det=L1, iso=Ar38
setting isotope det=L2, iso=Ar37
setting isotope det=CDD, iso=Ar36
setting previous blanks
 - setting Ar41 blank 0.023+/-0.004
 - setting Ar40 blank 0.482+/-0.008
 - setting Ar36 blank 0.00458+/-0.00018
 - setting Ar37 blank 0.048+/-0.005
 - setting Ar38 blank 0.0092+/-0.0022
 - setting Ar39 blank 0.029+/-0.009
load analysis view
position_magnet ('Ar40',) {'detector': 'H1'}
detector Detector(H1)
POSITION Ar40 H1
setting detector H2 to Ar41 (40.9624)
setting detector H1 to Ar40 (39.9624)
setting detector AX to Ar39 (38.9624)
setting detector L1 to Ar38 (37.9624)
setting detector L2 to Ar37 (36.9624)
setting detector CDD to Ar36 (35.9624)
Mapping mass to dac mass func: "parabolic"
H1 map mass coeffs = [ -3.11428344e-04   1.33794662e-01   1.02907323e+00]
H1 map mass to dac 39.9624 >> 5.87848
GetDeflection H1 ===>> 0
GetHighVoltage ===>> 4499.94659342336
positioning Ar40 (5.87844538218) on H1
setting magnet DAC
current  : 5.240561
requested: 5.878445
Delta Dac: 0.637885
Checking detector protection. dv=0.63788
Checking detector "CDD". Protection Threshold: 0.5 (V)
ProtectDetector CDD,On ===>> OK
GetDeflection CDD ===>> 2000
Protected = 2000
SetMagnetDAC 5.87844538218 ===>> OK
Magnet settling time: 0.500 0.500
Magnet settling complete
Wait for magnet to stop moving
GetMagnetMoving ===>> True
GetMagnetMoving ===>> True
GetMagnetMoving ===>> True
GetMagnetMoving ===>> True
GetMagnetMoving ===>> True
GetMagnetMoving ===>> True
GetMagnetMoving ===>> True
GetMagnetMoving ===>> True
GetMagnetMoving ===>> True
GetMagnetMoving ===>> False
Magnet move complete
Unprotect detectors
ProtectDetector CDD,Off ===>> OK
GetDeflection CDD ===>> 50
set_dac. change=True
equilibrate () {'delay': 3, 'inlet': 'R', 'outlet': 'O', 'eqtime': 12.0}
Equilibration Started
17:35:06 -- ******* Equilibration Started *******
update labels <pychron.experiment.plot_panel.PlotPanel object at 0x1d553e470>
update labels "<pychron.graph.stacked_regression_graph.StackedRegressionGraph object at 0x1d1e95530>"
setting label 0 H2 Ar41
setting label 1 H1 Ar40
checking ownership. requestor=129.138.12.150
setting label 2 AX Ar39
check software interlocks O
setting label 3 L1 Ar38
interlocks []
setting label 4 L2 Ar37
actuate state mode=None-script, software_lock=False
setting label 5 CDD Ar36
doing actuation None-script close_channel True
update labels "<pychron.graph.stacked_graph.StackedGraph object at 0x1d55a4170>"
setting label 0 H2 Ar41
setting label 1 H1 Ar40
setting label 2 AX Ar39
setting label 3 L1 Ar38
setting label 4 L2 Ar37
setting label 5 CDD Ar36
Close O ===>> OK
GetIndicatorState O ===>> False
change switch state (True, True)
update switch state O False args=() kw={} ncanvase=2
17:35:06 -- CLOSE  VALVE-O (Jan Ion Pump)
waiting 3s before opening inlet value ('R',)
checking ownership. requestor=129.138.12.150
check software interlocks R
interlocks []
actuate state mode=None-script, software_lock=False
doing actuation None-script open_channel True
Open R ===>> OK
set states for children of R. state=True
handle state [('R', True)]
update switch state R True args=() kw={'refresh': False} ncanvase=2
refresh_canvas_needed fired
GetIndicatorState R ===>> OK
change switch state (True, True)
update switch state R True args=() kw={} ncanvase=2
17:35:10 -- OPEN   VALVE-R (Jan Inlet)
equilibrating for 12.0sec
set_time_zero () {}
sniff (12.0,) {}
py_sniff
build tables- sniff [Detector(H2), Detector(H1), Detector(AX), Detector(L1), Detector(L2), Detector(CDD)]
add group /sniff/Ar41 (Group) '' table H2
add group /sniff/Ar40 (Group) '' table H1
add group /sniff/Ar39 (Group) '' table AX
add group /sniff/Ar38 (Group) '' table L1
add group /sniff/Ar37 (Group) '' table L2
add group /sniff/Ar36 (Group) '' table CDD
flush and close file /Users/jan/PychronDev/data/isotopes/15/256571-2ac3-4acd-91b0-edaaf09ea973.h5
measuring sniff. ncounts=12.0
"sniff" increment series count="1" fit count="0" regressing="False"
starting measurement
Equilibration Finished
17:35:22 -- ******* Equilibration Finished *******
checking ownership. requestor=129.138.12.150
check software interlocks R
interlocks []
actuate state mode=None-script, software_lock=False
doing actuation None-script close_channel True
Close R ===>> OK
GetIndicatorState R ===>> False
change switch state (True, True)
update switch state R False args=() kw={} ncanvase=2
17:35:23 -- CLOSE  VALVE-R (Jan Inlet)
Post Equilibration Started jan_pump_extraction_line.py
17:35:23 -- ******* Post Equilibration Started jan_pump_extraction_line.py *******
testing...
no interpolation path defined
calculate duration
testing...
no interpolation path defined
executed snippet estimated_duration=4.0, duration=0.000147819519043
executed snippet estimated_duration=4.0, duration=0.00139403343201
Pump after analysis
doing GOSUB
testing...
no interpolation path defined
executed snippet estimated_duration=4.0, duration=0.000169992446899
Pump Microbone
close () {'description': 'Jan Inlet'}
close name=--- desc=Jan Inlet
checking ownership. requestor=129.138.12.150
check software interlocks R
interlocks []
actuate state mode=None-script, software_lock=False
doing actuation None-script close_channel False
waiting for write to finish
measurement finished
estimated time: 12.583 actual time: :12.691
flush and close file /Users/jan/PychronDev/data/isotopes/15/256571-2ac3-4acd-91b0-edaaf09ea973.h5
set_fits () {}
using default fits file=/Users/jan/PychronDev/scripts/measurement/fits/nominal_linear.yaml
set "Ar41" to "('Average', 'SEM')"
set "Ar40" to "('Linear', 'SEM')"
set "Ar36" to "('Linear', 'SEM')"
set "Ar37" to "('linear', 'SEM')"
set "Ar38" to "('linear', 'SEM')"
set "Ar39" to "('Linear', 'SEM')"
set_baseline_fits () {}
using default fits file=/Users/jan/PychronDev/scripts/measurement/fits/nominal_linear.yaml
Close R ===>> OK
set "H2" to "('average', 'SEM')"
set "H1" to "('average', 'SEM')"
set "CDD" to "('average', 'SEM')"
set "L2" to "('average', 'SEM')"
set "L1" to "('average', 'SEM')"
set "AX" to "('average', 'SEM')"
multicollect () {'integration_time': 1, 'ncounts': 120}
build tables- signal [Detector(H2), Detector(H1), Detector(AX), Detector(L1), Detector(L2), Detector(CDD)]
add group /signal/Ar41 (Group) '' table H2
add group /signal/Ar40 (Group) '' table H1
add group /signal/Ar39 (Group) '' table AX
add group /signal/Ar38 (Group) '' table L1
add group /signal/Ar37 (Group) '' table L2
add group /signal/Ar36 (Group) '' table CDD
flush and close file /Users/jan/PychronDev/data/isotopes/15/256571-2ac3-4acd-91b0-edaaf09ea973.h5
measuring signal. ncounts=120
GetIndicatorState R ===>> False
change switch state (True, True)
update switch state R False args=() kw={} ncanvase=2
17:35:23 -- CLOSE  VALVE-R (Jan Inlet)
-------------------------- close None (Jan Inlet) result=[(True, True)]
action=close, ok=True, locked=[False]
is_closed ('F',) {}
is F () closed?
is closed True
open () {'description': 'CO2 Laser to Jan'}
open name=--- desc=CO2 Laser to Jan
checking ownership. requestor=129.138.12.150
check software interlocks A
interlocks []
actuate state mode=None-script, software_lock=False
doing actuation None-script open_channel False
Open A ===>> OK
"signal" increment series count="2" fit count="1" regressing="True"
GetIndicatorState A ===>> OK
change switch state (True, True)
update switch state A True args=() kw={} ncanvase=2
17:35:24 -- OPEN   VALVE-A (CO2 Laser to Jan)
-------------------------- open None (CO2 Laser to Jan) result=[(True, True)]
starting measurement
action=open, ok=True, locked=[False]
sleep (1,) {}
SLEEP 1.0
close () {'description': 'CO2 Laser to Roughing'}
close name=--- desc=CO2 Laser to Roughing
checking ownership. requestor=129.138.12.150
check software interlocks G
interlocks []
actuate state mode=None-script, software_lock=True
VALVE-G(CO2 Laser to Roughing) software locked
change switch state (True, False)
-------------------------- close None (CO2 Laser to Roughing) result=[(True, False)]
action=close, ok=True, locked=[True]
open () {'description': 'Microbone to Turbo'}
open name=--- desc=Microbone to Turbo
checking ownership. requestor=129.138.12.150
check software interlocks U
interlocks []
actuate state mode=None-script, software_lock=False
doing actuation None-script open_channel True
Open U ===>> OK
GetIndicatorState U ===>> OK
change switch state (True, True)
update switch state U True args=() kw={} ncanvase=2
17:35:25 -- OPEN   VALVE-U (Microbone to Turbo)
-------------------------- open None (Microbone to Turbo) result=[(True, True)]
action=open, ok=True, locked=[False]
open () {'description': 'Microbone to Getter NP-10'}
open name=--- desc=Microbone to Getter NP-10
checking ownership. requestor=129.138.12.150
check software interlocks M
interlocks []
actuate state mode=None-script, software_lock=False
doing actuation None-script open_channel False
Open M ===>> OK
GetIndicatorState M ===>> OK
change switch state (True, True)
update switch state M True args=() kw={} ncanvase=2
17:35:26 -- OPEN   VALVE-M (Microbone to Getter NP-10)
-------------------------- open None (Microbone to Getter NP-10) result=[(True, True)]
action=open, ok=True, locked=[False]
open () {'description': 'Microbone to Getter D-50'}
open name=--- desc=Microbone to Getter D-50
checking ownership. requestor=129.138.12.150
check software interlocks K
interlocks []
actuate state mode=None-script, software_lock=False
doing actuation None-script open_channel False
Open K ===>> OK
GetIndicatorState K ===>> OK
change switch state (True, True)
update switch state K True args=() kw={} ncanvase=2
17:35:27 -- OPEN   VALVE-K (Microbone to Getter D-50)
-------------------------- open None (Microbone to Getter D-50) result=[(True, True)]
action=open, ok=True, locked=[False]
open () {'description': 'Microbone to CO2 Laser'}
open name=--- desc=Microbone to CO2 Laser
checking ownership. requestor=129.138.12.150
check software interlocks T
interlocks []
actuate state mode=None-script, software_lock=False
doing actuation None-script open_channel False
Open T ===>> OK
GetIndicatorState T ===>> OK
change switch state (True, True)
update switch state T True args=() kw={} ncanvase=2
17:35:27 -- OPEN   VALVE-T (Microbone to CO2 Laser)
-------------------------- open None (Microbone to CO2 Laser) result=[(True, True)]
action=open, ok=True, locked=[False]
open () {'description': 'Microbone to Inlet Pipette'}
open name=--- desc=Microbone to Inlet Pipette
checking ownership. requestor=129.138.12.150
check software interlocks S
interlocks []
actuate state mode=None-script, software_lock=False
doing actuation None-script open_channel False
Open S ===>> OK
testing H1<-5.0
evaluate ot="H1.bs<-5.0" t="H1<-5.0", ctx="{'H1': 0.0035416114490804196}"
testing Ar36<0.001
evaluate ot="Ar36.bs_corrected<0.001" t="Ar36<0.001", ctx="{'Ar36': 0.02481744296972285}"
GetIndicatorState S ===>> OK
change switch state (True, True)
update switch state S True args=() kw={} ncanvase=2
17:35:28 -- OPEN   VALVE-S (Microbone to Inlet Pipette)
-------------------------- open None (Microbone to Inlet Pipette) result=[(True, True)]
action=open, ok=True, locked=[False]
sleep (1,) {}
SLEEP 1.0
set_resource () {'name': 'CO2PumpTimeFlag', 'value': 30}
Set CO2PumpTimeFlag 30 ===>> OK
release ('JanCO2Flag',) {}
release JanCO2Flag
Set JanCO2Flag 0 ===>> OK
executed snippet estimated_duration=6.0, duration=6.62447881699
PumpMicrobone.py completed successfully
gosub finished
get_resource_value () {'name': 'JanMiniboneFlag'}
Read JanMiniboneFlag ===>> 0
Get Resource Value JanMiniboneFlag=0.0
get resource value 0.0
get_resource_value () {'name': 'JanMiniboneFlag'}
Read JanMiniboneFlag ===>> 0
Get Resource Value JanMiniboneFlag=0.0
executed snippet estimated_duration=4.0, duration=6.67764186859
jan_pump_extraction_line.py completed successfully
Post Equilibration Finished
17:35:30 -- ******* Post Equilibration Finished *******
testing H1<-5.0
evaluate ot="H1.bs<-5.0" t="H1<-5.0", ctx="{'H1': 0.0035416114490804196}"
testing Ar36<0.001
evaluate ot="Ar36.bs_corrected<0.001" t="Ar36<0.001", ctx="{'Ar36': 0.018443550805255275}"
testing H1<-5.0
evaluate ot="H1.bs<-5.0" t="H1<-5.0", ctx="{'H1': 0.0035416114490804196}"
testing Ar36<0.001
evaluate ot="Ar36.bs_corrected<0.001" t="Ar36<0.001", ctx="{'Ar36': 0.015451336200080514}"
testing H1<-5.0
evaluate ot="H1.bs<-5.0" t="H1<-5.0", ctx="{'H1': 0.0035416114490804196}"
testing Ar36<0.001
evaluate ot="Ar36.bs_corrected<0.001" t="Ar36<0.001", ctx="{'Ar36': 0.012534583866581222}"
testing H1<-5.0
evaluate ot="H1.bs<-5.0" t="H1<-5.0", ctx="{'H1': 0.0035416114490804196}"
testing Ar36<0.001
evaluate ot="Ar36.bs_corrected<0.001" t="Ar36<0.001", ctx="{'Ar36': 0.011957203491914908}"
17:35:49 -- collecting point 25
testing H1<-5.0
evaluate ot="H1.bs<-5.0" t="H1<-5.0", ctx="{'H1': 0.0035416114490804196}"
testing Ar36<0.001
evaluate ot="Ar36.bs_corrected<0.001" t="Ar36<0.001", ctx="{'Ar36': 0.010005615404680743}"
testing H1<-5.0
evaluate ot="H1.bs<-5.0" t="H1<-5.0", ctx="{'H1': 0.0035416114490804196}"
testing Ar36<0.001
evaluate ot="Ar36.bs_corrected<0.001" t="Ar36<0.001", ctx="{'Ar36': 0.008847795040623278}"
testing H1<-5.0
evaluate ot="H1.bs<-5.0" t="H1<-5.0", ctx="{'H1': 0.0035416114490804196}"
testing Ar36<0.001
evaluate ot="Ar36.bs_corrected<0.001" t="Ar36<0.001", ctx="{'Ar36': 0.00826667289251287}"
testing H1<-5.0
evaluate ot="H1.bs<-5.0" t="H1<-5.0", ctx="{'H1': 0.0035416114490804196}"
testing Ar36<0.001
evaluate ot="Ar36.bs_corrected<0.001" t="Ar36<0.001", ctx="{'Ar36': 0.008393068535862146}"
testing H1<-5.0
evaluate ot="H1.bs<-5.0" t="H1<-5.0", ctx="{'H1': 0.0035416114490804196}"
testing Ar36<0.001
evaluate ot="Ar36.bs_corrected<0.001" t="Ar36<0.001", ctx="{'Ar36': 0.008215722925893603}"
17:36:15 -- collecting point 50
testing H1<-5.0
evaluate ot="H1.bs<-5.0" t="H1<-5.0", ctx="{'H1': 0.0035416114490804196}"
testing Ar36<0.001
evaluate ot="Ar36.bs_corrected<0.001" t="Ar36<0.001", ctx="{'Ar36': 0.008123813116524782}"
testing H1<-5.0
evaluate ot="H1.bs<-5.0" t="H1<-5.0", ctx="{'H1': 0.0035416114490804196}"
testing Ar36<0.001
evaluate ot="Ar36.bs_corrected<0.001" t="Ar36<0.001", ctx="{'Ar36': 0.007997581526991683}"
testing H1<-5.0
evaluate ot="H1.bs<-5.0" t="H1<-5.0", ctx="{'H1': 0.0035416114490804196}"
testing Ar36<0.001
evaluate ot="Ar36.bs_corrected<0.001" t="Ar36<0.001", ctx="{'Ar36': 0.007829619352091892}"
testing H1<-5.0
evaluate ot="H1.bs<-5.0" t="H1<-5.0", ctx="{'H1': 0.0035416114490804196}"
testing Ar36<0.001
evaluate ot="Ar36.bs_corrected<0.001" t="Ar36<0.001", ctx="{'Ar36': 0.007773870128637299}"
testing H1<-5.0
evaluate ot="H1.bs<-5.0" t="H1<-5.0", ctx="{'H1': 0.0035416114490804196}"
testing Ar36<0.001
evaluate ot="Ar36.bs_corrected<0.001" t="Ar36<0.001", ctx="{'Ar36': 0.007673379807702985}"
17:36:42 -- collecting point 75
testing H1<-5.0
evaluate ot="H1.bs<-5.0" t="H1<-5.0", ctx="{'H1': 0.0035416114490804196}"
testing Ar36<0.001
evaluate ot="Ar36.bs_corrected<0.001" t="Ar36<0.001", ctx="{'Ar36': 0.00757098670711635}"
testing H1<-5.0
evaluate ot="H1.bs<-5.0" t="H1<-5.0", ctx="{'H1': 0.0035416114490804196}"
testing Ar36<0.001
evaluate ot="Ar36.bs_corrected<0.001" t="Ar36<0.001", ctx="{'Ar36': 0.007519538159784105}"
testing H1<-5.0
evaluate ot="H1.bs<-5.0" t="H1<-5.0", ctx="{'H1': 0.0035416114490804196}"
testing Ar36<0.001
evaluate ot="Ar36.bs_corrected<0.001" t="Ar36<0.001", ctx="{'Ar36': 0.007602878130160454}"
testing H1<-5.0
evaluate ot="H1.bs<-5.0" t="H1<-5.0", ctx="{'H1': 0.0035416114490804196}"
testing Ar36<0.001
evaluate ot="Ar36.bs_corrected<0.001" t="Ar36<0.001", ctx="{'Ar36': 0.0077395289587785555}"
testing H1<-5.0
evaluate ot="H1.bs<-5.0" t="H1<-5.0", ctx="{'H1': 0.0035416114490804196}"
testing Ar36<0.001
evaluate ot="Ar36.bs_corrected<0.001" t="Ar36<0.001", ctx="{'Ar36': 0.007775850133330245}"
17:37:08 -- collecting point 100
testing H1<-5.0
evaluate ot="H1.bs<-5.0" t="H1<-5.0", ctx="{'H1': 0.0035416114490804196}"
testing Ar36<0.001
evaluate ot="Ar36.bs_corrected<0.001" t="Ar36<0.001", ctx="{'Ar36': 0.007607835487354608}"
testing H1<-5.0
evaluate ot="H1.bs<-5.0" t="H1<-5.0", ctx="{'H1': 0.0035416114490804196}"
testing Ar36<0.001
evaluate ot="Ar36.bs_corrected<0.001" t="Ar36<0.001", ctx="{'Ar36': 0.007595314440312401}"
testing H1<-5.0
evaluate ot="H1.bs<-5.0" t="H1<-5.0", ctx="{'H1': 0.0035416114490804196}"
testing Ar36<0.001
evaluate ot="Ar36.bs_corrected<0.001" t="Ar36<0.001", ctx="{'Ar36': 0.007540485486092315}"
testing H1<-5.0
evaluate ot="H1.bs<-5.0" t="H1<-5.0", ctx="{'H1': 0.0035416114490804196}"
testing Ar36<0.001
evaluate ot="Ar36.bs_corrected<0.001" t="Ar36<0.001", ctx="{'Ar36': 0.00734882837673232}"
waiting for write to finish
measurement finished
estimated time: 125.829 actual time: :126.239
flush and close file /Users/jan/PychronDev/data/isotopes/15/256571-2ac3-4acd-91b0-edaaf09ea973.h5
baselines () {'settling_time': 15.0, 'detector': 'H1', 'mass': 34.2, 'ncounts': 60}
%%%%%%%%%%%%%%%%%%%%%%%%%%%%%%%% Baseline
build tables- baseline [Detector(H2), Detector(H1), Detector(AX), Detector(L1), Detector(L2), Detector(CDD)]
add group baseline table H2
add group baseline table H1
add group baseline table AX
add group baseline table L1
add group baseline table L2
add group baseline table CDD
flush and close file /Users/jan/PychronDev/data/isotopes/15/256571-2ac3-4acd-91b0-edaaf09ea973.h5
detector Detector(H1)
POSITION 34.2 H1
Mapping mass to dac mass func: "parabolic"
H1 map mass coeffs = [ -3.11428344e-04   1.33794662e-01   1.02907323e+00]
H1 map mass to dac 34.2 >> 5.24059160773
GetDeflection H1 ===>> 0
GetHighVoltage ===>> 4499.94659342336
positioning 34.2 (5.24056074637) on H1
setting magnet DAC
current  : 5.878445
requested: 5.240561
Delta Dac: 0.637885
Checking detector protection. dv=0.63788
Checking detector "CDD". Protection Threshold: 0.5 (V)
ProtectDetector CDD,On ===>> OK
GetDeflection CDD ===>> 2000
Protected = 2000
SetMagnetDAC 5.24056074637 ===>> OK
Magnet settling time: 0.500 0.500
Magnet settling complete
Wait for magnet to stop moving
GetMagnetMoving ===>> True
GetMagnetMoving ===>> True
GetMagnetMoving ===>> True
GetMagnetMoving ===>> True
GetMagnetMoving ===>> True
GetMagnetMoving ===>> True
GetMagnetMoving ===>> True
GetMagnetMoving ===>> True
GetMagnetMoving ===>> True
GetMagnetMoving ===>> False
Magnet move complete
Unprotect detectors
ProtectDetector CDD,Off ===>> OK
GetDeflection CDD ===>> 50
set_dac. change=True
Delaying 15.0s for detectors to settle
Join finished
measuring baseline. ncounts=60
"baseline" increment series count="2" fit count="1" regressing="True"
starting measurement
testing H1<-5.0
evaluate ot="H1.bs<-5.0" t="H1<-5.0", ctx="{'H1': 0.04882625273890945}"
testing Ar36<0.001
evaluate ot="Ar36.bs_corrected<0.001" t="Ar36<0.001", ctx="{'Ar36': 0.007175178755583329}"
testing H1<-5.0
evaluate ot="H1.bs<-5.0" t="H1<-5.0", ctx="{'H1': 0.0701992111753172}"
testing Ar36<0.001
evaluate ot="Ar36.bs_corrected<0.001" t="Ar36<0.001", ctx="{'Ar36': 0.007129851084009821}"
testing H1<-5.0
evaluate ot="H1.bs<-5.0" t="H1<-5.0", ctx="{'H1': 0.08010212283061649}"
testing Ar36<0.001
evaluate ot="Ar36.bs_corrected<0.001" t="Ar36<0.001", ctx="{'Ar36': 0.007138092479355815}"
testing H1<-5.0
evaluate ot="H1.bs<-5.0" t="H1<-5.0", ctx="{'H1': 0.08309246954468313}"
testing Ar36<0.001
evaluate ot="Ar36.bs_corrected<0.001" t="Ar36<0.001", ctx="{'Ar36': 0.007087342836564267}"
testing H1<-5.0
evaluate ot="H1.bs<-5.0" t="H1<-5.0", ctx="{'H1': 0.08254645032191318}"
testing Ar36<0.001
evaluate ot="Ar36.bs_corrected<0.001" t="Ar36<0.001", ctx="{'Ar36': 0.0070948251555577576}"
17:38:14 -- collecting point 25
testing H1<-5.0
evaluate ot="H1.bs<-5.0" t="H1<-5.0", ctx="{'H1': 0.08282034993936675}"
testing Ar36<0.001
evaluate ot="Ar36.bs_corrected<0.001" t="Ar36<0.001", ctx="{'Ar36': 0.007104842713388938}"
testing H1<-5.0
evaluate ot="H1.bs<-5.0" t="H1<-5.0", ctx="{'H1': 0.09193105661108712}"
testing Ar36<0.001
evaluate ot="Ar36.bs_corrected<0.001" t="Ar36<0.001", ctx="{'Ar36': 0.007111913930598316}"
testing H1<-5.0
evaluate ot="H1.bs<-5.0" t="H1<-5.0", ctx="{'H1': 0.09337070140404888}"
testing Ar36<0.001
evaluate ot="Ar36.bs_corrected<0.001" t="Ar36<0.001", ctx="{'Ar36': 0.007101957132054627}"
testing H1<-5.0
evaluate ot="H1.bs<-5.0" t="H1<-5.0", ctx="{'H1': 0.0921013469018023}"
testing Ar36<0.001
evaluate ot="Ar36.bs_corrected<0.001" t="Ar36<0.001", ctx="{'Ar36': 0.007124606559955957}"
testing H1<-5.0
evaluate ot="H1.bs<-5.0" t="H1<-5.0", ctx="{'H1': 0.09357461754806165}"
testing Ar36<0.001
evaluate ot="Ar36.bs_corrected<0.001" t="Ar36<0.001", ctx="{'Ar36': 0.007103276789967415}"
17:38:40 -- collecting point 50
testing H1<-5.0
evaluate ot="H1.bs<-5.0" t="H1<-5.0", ctx="{'H1': 0.0971226797816949}"
testing Ar36<0.001
evaluate ot="Ar36.bs_corrected<0.001" t="Ar36<0.001", ctx="{'Ar36': 0.0071106211624265905}"
testing H1<-5.0
evaluate ot="H1.bs<-5.0" t="H1<-5.0", ctx="{'H1': 0.09838602880514859}"
testing Ar36<0.001
evaluate ot="Ar36.bs_corrected<0.001" t="Ar36<0.001", ctx="{'Ar36': 0.007114206402134388}"
waiting for write to finish
measurement finished
estimated time: 62.915 actual time: :63.124
flush and close file /Users/jan/PychronDev/data/isotopes/15/256571-2ac3-4acd-91b0-edaaf09ea973.h5
activate_detectors ('H1', 'AX', 'CDD') {'peak_center': True}
peak_center () {'detector': 'H1', 'integration_time': 0.262144, 'isotope': 'Ar40'}
peak center: mean=1044.27407723 threshold=5.0
peak center started
setup peak center. detector=['H1', 'AX', 'CDD'], isotope=Ar40
VersionedUnpickler [<apptools.sweet_pickle.versioned_unpickler.VersionedUnpickler object at 0x1b6945fb0>] using Updater [<apptools.sweet_pickle.updater.Updater object at 0x13454bd10>]
VersionedUnpickler [<apptools.sweet_pickle.versioned_unpickler.VersionedUnpickler object at 0x1b6945fb0>] using Updater [<apptools.sweet_pickle.updater.Updater object at 0x13454bd10>]
VersionedUnpickler [<apptools.sweet_pickle.versioned_unpickler.VersionedUnpickler object at 0x1d4b1d710>] using Updater [<apptools.sweet_pickle.updater.Updater object at 0x13454bd10>]
setting integration time = 0.524288
SetIntegrationTime 0.524288 ===>> OK
Mapping mass to dac mass func: "parabolic"
H1 map mass coeffs = [ -3.11428344e-04   1.33794662e-01   1.02907323e+00]
H1 map mass to dac 39.9624 >> 5.87848
GetDeflection H1 ===>> 0
GetHighVoltage ===>> 4499.94659342336
do peak center. <pychron.spectrometer.jobs.peak_center.PeakCenter object at 0x134660bf0>
doing pc
starting peak center. center dac= 5.87844538218 step_width=0.001
width = 0.001
get scan parameters. half-width=0.015,window=0.015, i=0, scalar=1
Scan parameters center=5.87845 width=0.03000 (5.86345 - 5.89345)
Moving to starting dac 5.86344538218
setting magnet DAC
current  : 5.240561
requested: 5.863445
Delta Dac: 0.622885
Checking detector protection. dv=0.62288
Checking detector "CDD". Protection Threshold: 0.5 (V)
ProtectDetector CDD,On ===>> OK
GetDeflection CDD ===>> 2000
Protected = 2000
SetMagnetDAC 5.86344538218 ===>> OK
Magnet settling time: 0.500 0.500
Magnet settling complete
Wait for magnet to stop moving
GetMagnetMoving ===>> True
GetMagnetMoving ===>> True
GetMagnetMoving ===>> True
GetMagnetMoving ===>> True
GetMagnetMoving ===>> True
GetMagnetMoving ===>> True
GetMagnetMoving ===>> True
GetMagnetMoving ===>> True
GetMagnetMoving ===>> True
GetMagnetMoving ===>> False
Magnet move complete
Unprotect detectors
ProtectDetector CDD,Off ===>> OK
GetDeflection CDD ===>> 50
set_dac. change=True
Wait until signal near baseline. tol= 0.0113353776839. timeout= 10
Peak center failed to move to a baseline position
_do_sweep sm= 5.86344538218, em= 5.89344538218, stm= 0.001
calculated step values: start=5.86344538218, end=5.89344538218, width=0.001, nsteps=31.0
setting magnet DAC
current  : 5.863445
requested: 5.863445
Delta Dac: 0.000000
Checking detector protection. dv=0.00000
Checking detector "CDD". Protection Threshold: 0.5 (V)
SetMagnetDAC 5.86344538218 ===>> OK
set_dac. change=False
setting magnet DAC
current  : 5.863445
requested: 5.864480
Delta Dac: 0.001034
Checking detector protection. dv=0.00103
Checking detector "CDD". Protection Threshold: 0.5 (V)
SetMagnetDAC 5.86447986494 ===>> OK
Magnet settling time: 1.049 0.500
Magnet settling complete
set_dac. change=True
setting magnet DAC
current  : 5.864480
requested: 5.865514
Delta Dac: 0.001034
Checking detector protection. dv=0.00103
Checking detector "CDD". Protection Threshold: 0.5 (V)
SetMagnetDAC 5.8655143477 ===>> OK
Magnet settling time: 1.049 0.500
Magnet settling complete
set_dac. change=True
setting magnet DAC
current  : 5.865514
requested: 5.866549
Delta Dac: 0.001034
Checking detector protection. dv=0.00103
Checking detector "CDD". Protection Threshold: 0.5 (V)
SetMagnetDAC 5.86654883046 ===>> OK
Magnet settling time: 1.049 0.500
Magnet settling complete
set_dac. change=True
setting magnet DAC
current  : 5.866549
requested: 5.867583
Delta Dac: 0.001034
Checking detector protection. dv=0.00103
Checking detector "CDD". Protection Threshold: 0.5 (V)
SetMagnetDAC 5.86758331322 ===>> OK
Magnet settling time: 1.049 0.500
Magnet settling complete
set_dac. change=True
setting magnet DAC
current  : 5.867583
requested: 5.868618
Delta Dac: 0.001034
Checking detector protection. dv=0.00103
Checking detector "CDD". Protection Threshold: 0.5 (V)
SetMagnetDAC 5.86861779598 ===>> OK
Magnet settling time: 1.049 0.500
Magnet settling complete
set_dac. change=True
setting magnet DAC
current  : 5.868618
requested: 5.869652
Delta Dac: 0.001034
Checking detector protection. dv=0.00103
Checking detector "CDD". Protection Threshold: 0.5 (V)
SetMagnetDAC 5.86965227873 ===>> OK
Magnet settling time: 1.049 0.500
Magnet settling complete
set_dac. change=True
setting magnet DAC
current  : 5.869652
requested: 5.870687
Delta Dac: 0.001034
Checking detector protection. dv=0.00103
Checking detector "CDD". Protection Threshold: 0.5 (V)
SetMagnetDAC 5.87068676149 ===>> OK
Magnet settling time: 1.049 0.500
Magnet settling complete
set_dac. change=True
setting magnet DAC
current  : 5.870687
requested: 5.871721
Delta Dac: 0.001034
Checking detector protection. dv=0.00103
Checking detector "CDD". Protection Threshold: 0.5 (V)
SetMagnetDAC 5.87172124425 ===>> OK
Magnet settling time: 1.049 0.500
Magnet settling complete
set_dac. change=True
setting magnet DAC
current  : 5.871721
requested: 5.872756
Delta Dac: 0.001034
Checking detector protection. dv=0.00103
Checking detector "CDD". Protection Threshold: 0.5 (V)
SetMagnetDAC 5.87275572701 ===>> OK
Magnet settling time: 1.049 0.500
Magnet settling complete
set_dac. change=True
setting magnet DAC
current  : 5.872756
requested: 5.873790
Delta Dac: 0.001034
Checking detector protection. dv=0.00103
Checking detector "CDD". Protection Threshold: 0.5 (V)
SetMagnetDAC 5.87379020977 ===>> OK
Magnet settling time: 1.049 0.500
Magnet settling complete
set_dac. change=True
setting magnet DAC
current  : 5.873790
requested: 5.874825
Delta Dac: 0.001034
Checking detector protection. dv=0.00103
Checking detector "CDD". Protection Threshold: 0.5 (V)
SetMagnetDAC 5.87482469253 ===>> OK
Magnet settling time: 1.049 0.500
Magnet settling complete
set_dac. change=True
setting magnet DAC
current  : 5.874825
requested: 5.875859
Delta Dac: 0.001034
Checking detector protection. dv=0.00103
Checking detector "CDD". Protection Threshold: 0.5 (V)
SetMagnetDAC 5.87585917529 ===>> OK
Magnet settling time: 1.049 0.500
Magnet settling complete
set_dac. change=True
setting magnet DAC
current  : 5.875859
requested: 5.876894
Delta Dac: 0.001034
Checking detector protection. dv=0.00103
Checking detector "CDD". Protection Threshold: 0.5 (V)
SetMagnetDAC 5.87689365804 ===>> OK
Magnet settling time: 1.049 0.500
Magnet settling complete
set_dac. change=True
setting magnet DAC
current  : 5.876894
requested: 5.877928
Delta Dac: 0.001034
Checking detector protection. dv=0.00103
Checking detector "CDD". Protection Threshold: 0.5 (V)
SetMagnetDAC 5.8779281408 ===>> OK
Magnet settling time: 1.049 0.500
Magnet settling complete
set_dac. change=True
setting magnet DAC
current  : 5.877928
requested: 5.878963
Delta Dac: 0.001034
Checking detector protection. dv=0.00103
Checking detector "CDD". Protection Threshold: 0.5 (V)
SetMagnetDAC 5.87896262356 ===>> OK
Magnet settling time: 1.049 0.500
Magnet settling complete
set_dac. change=True
setting magnet DAC
current  : 5.878963
requested: 5.879997
Delta Dac: 0.001034
Checking detector protection. dv=0.00103
Checking detector "CDD". Protection Threshold: 0.5 (V)
SetMagnetDAC 5.87999710632 ===>> OK
Magnet settling time: 1.049 0.500
Magnet settling complete
set_dac. change=True
setting magnet DAC
current  : 5.879997
requested: 5.881032
Delta Dac: 0.001034
Checking detector protection. dv=0.00103
Checking detector "CDD". Protection Threshold: 0.5 (V)
SetMagnetDAC 5.88103158908 ===>> OK
Magnet settling time: 1.049 0.500
Magnet settling complete
set_dac. change=True
setting magnet DAC
current  : 5.881032
requested: 5.882066
Delta Dac: 0.001034
Checking detector protection. dv=0.00103
Checking detector "CDD". Protection Threshold: 0.5 (V)
SetMagnetDAC 5.88206607184 ===>> OK
Magnet settling time: 1.049 0.500
Magnet settling complete
set_dac. change=True
setting magnet DAC
current  : 5.882066
requested: 5.883101
Delta Dac: 0.001034
Checking detector protection. dv=0.00103
Checking detector "CDD". Protection Threshold: 0.5 (V)
SetMagnetDAC 5.8831005546 ===>> OK
Magnet settling time: 1.049 0.500
Magnet settling complete
set_dac. change=True
setting magnet DAC
current  : 5.883101
requested: 5.884135
Delta Dac: 0.001034
Checking detector protection. dv=0.00103
Checking detector "CDD". Protection Threshold: 0.5 (V)
SetMagnetDAC 5.88413503735 ===>> OK
Magnet settling time: 1.049 0.500
Magnet settling complete
set_dac. change=True
setting magnet DAC
current  : 5.884135
requested: 5.885170
Delta Dac: 0.001034
Checking detector protection. dv=0.00103
Checking detector "CDD". Protection Threshold: 0.5 (V)
SetMagnetDAC 5.88516952011 ===>> OK
Magnet settling time: 1.049 0.500
Magnet settling complete
set_dac. change=True
setting magnet DAC
current  : 5.885170
requested: 5.886204
Delta Dac: 0.001034
Checking detector protection. dv=0.00103
Checking detector "CDD". Protection Threshold: 0.5 (V)
SetMagnetDAC 5.88620400287 ===>> OK
Magnet settling time: 1.049 0.500
Magnet settling complete
set_dac. change=True
setting magnet DAC
current  : 5.886204
requested: 5.887238
Delta Dac: 0.001034
Checking detector protection. dv=0.00103
Checking detector "CDD". Protection Threshold: 0.5 (V)
SetMagnetDAC 5.88723848563 ===>> OK
Magnet settling time: 1.049 0.500
Magnet settling complete
set_dac. change=True
setting magnet DAC
current  : 5.887238
requested: 5.888273
Delta Dac: 0.001034
Checking detector protection. dv=0.00103
Checking detector "CDD". Protection Threshold: 0.5 (V)
SetMagnetDAC 5.88827296839 ===>> OK
Magnet settling time: 1.049 0.500
Magnet settling complete
set_dac. change=True
setting magnet DAC
current  : 5.888273
requested: 5.889307
Delta Dac: 0.001034
Checking detector protection. dv=0.00103
Checking detector "CDD". Protection Threshold: 0.5 (V)
SetMagnetDAC 5.88930745115 ===>> OK
Magnet settling time: 1.049 0.500
Magnet settling complete
set_dac. change=True
setting magnet DAC
current  : 5.889307
requested: 5.890342
Delta Dac: 0.001034
Checking detector protection. dv=0.00103
Checking detector "CDD". Protection Threshold: 0.5 (V)
SetMagnetDAC 5.89034193391 ===>> OK
Magnet settling time: 1.049 0.500
Magnet settling complete
set_dac. change=True
setting magnet DAC
current  : 5.890342
requested: 5.891376
Delta Dac: 0.001034
Checking detector protection. dv=0.00103
Checking detector "CDD". Protection Threshold: 0.5 (V)
SetMagnetDAC 5.89137641667 ===>> OK
Magnet settling time: 1.049 0.500
Magnet settling complete
set_dac. change=True
setting magnet DAC
current  : 5.891376
requested: 5.892411
Delta Dac: 0.001034
Checking detector protection. dv=0.00103
Checking detector "CDD". Protection Threshold: 0.5 (V)
SetMagnetDAC 5.89241089942 ===>> OK
Magnet settling time: 1.049 0.500
Magnet settling complete
set_dac. change=True
setting magnet DAC
current  : 5.892411
requested: 5.893445
Delta Dac: 0.001034
Checking detector protection. dv=0.00103
Checking detector "CDD". Protection Threshold: 0.5 (V)
SetMagnetDAC 5.89344538218 ===>> OK
Magnet settling time: 1.049 0.500
Magnet settling complete
set_dac. change=True
result of _do_sweep=True
result of _calculate_peak_center=([5.8707883439681545, 5.8785956827837165, 5.8864030215992784], [742.79263651130691, 1000.1313181573291, 739.40158142616724], 5.8795824839723005, 1000.1313181573291)
Failed to find a valid peak. No peak greater than 1.0. max = 0.0171028888291
new center pos Detector(H1) (Ar40) @ 5.87859568278
GetHighVoltage ===>> 4499.94659342336
GetDeflection H1 ===>> 0
dac uncorrected for HV and deflection 5.87863030149
update mftable H1 Ar40 5.87863030149 message=automated run peakcenter
get initial guess parabolic
get initial guess parabolic
get initial guess parabolic
get initial guess parabolic
get initial guess parabolic
get initial guess parabolic
dump mftable to /Users/jan/PychronDev/setupfiles/spectrometer/mftables/mftable.csv
add to repo msg=modified - automated run peakcenter
sweep finished
locally archiving mftable
setting magnet DAC
current  : 5.893445
requested: 5.878596
Delta Dac: 0.014850
Checking detector protection. dv=0.01485
Checking detector "CDD". Protection Threshold: 0.5 (V)
SetMagnetDAC 5.87859568278 ===>> OK
Magnet settling time: 0.500 0.500
Magnet settling complete
set_dac. change=True
setting integration time = 1.048576
SetIntegrationTime 1.048576 ===>> OK
Failed to find a valid peak. No peak greater than 1.0. max = 0.0171028888291
flush and close file /Users/jan/PychronDev/data/isotopes/15/256571-2ac3-4acd-91b0-edaaf09ea973.h5
finished measure script
executed snippet estimated_duration=209.88, duration=277.234555006
jan_unknown120_60.py completed successfully
Measurement Finished
17:39:40 -- ******* Measurement Finished *******
Post Measurement Started jan_pump_ms.py
17:39:40 -- ******* Post Measurement Started jan_pump_ms.py *******
testing...
no interpolation path defined
executed snippet estimated_duration=0, duration=3.00407409668e-05
Pumping spectrometer
open () {'name': 'O'}
open name=O desc=---
checking ownership. requestor=129.138.12.150
check software interlocks O
interlocks []
actuate state mode=None-script, software_lock=False
doing actuation None-script open_channel True
Open O ===>> OK
GetIndicatorState O ===>> OK
change switch state (True, True)
update switch state O True args=() kw={} ncanvase=2
17:39:40 -- OPEN   VALVE-O (Jan Ion Pump)
-------------------------- open O () result=[(True, True)]
action=open, ok=True, locked=[False]
executed snippet estimated_duration=0, duration=0.362771034241
jan_pump_ms.py completed successfully
setting _ms_pumptime
Post Measurement Finished
17:39:41 -- ******* Post Measurement Finished *******
$$$$$$$$$$$$$$$$$$$$ state at run end measurement
state changed from measurement to success
post measurement save measured=True aborted=False
Set filtering
setting fod for Ar41= {'filter_outliers': True, 'std_devs': 2, 'iterations': 1}
setting fod for H2= {'filter_outliers': True, 'std_devs': 2, 'iterations': 1}
setting fod for Ar40= {'filter_outliers': True, 'std_devs': 2, 'iterations': 1}
setting fod for H1= {'filter_outliers': True, 'std_devs': 2, 'iterations': 1}
setting fod for Ar36= {'filter_outliers': True, 'std_devs': 2, 'iterations': 1}
setting fod for CDD= {'filter_outliers': True, 'std_devs': 10, 'iterations': 1}
setting fod for Ar37= {'filter_outliers': True, 'std_devs': 2, 'iterations': 1}
setting fod for L2= {'filter_outliers': True, 'std_devs': 2, 'iterations': 1}
setting fod for Ar38= {'filter_outliers': True, 'std_devs': 2, 'iterations': 1}
setting fod for L1= {'filter_outliers': True, 'std_devs': 2, 'iterations': 1}
setting fod for Ar39= {'filter_outliers': True, 'std_devs': 2, 'iterations': 1}
setting fod for AX= {'filter_outliers': True, 'std_devs': 2, 'iterations': 1}
not connected to db mysql://janexp@129.138.12.160/labspy
Enviromentals: {'lab_humiditys': [{'device': 'EnvironmentalMonitor',
                    'name': 'Lab Hum.',
                    'pub_date': '2017-08-11T16:43:50',
                    'title': 'iServer Hum.',
                    'value': 52.7}],
 'lab_pneumatics': [{'device': 'AirPressure',
                     'name': 'Pressure',
                     'pub_date': '2017-08-11T17:39:35',
                     'title': None,
                     'value': 91.725},
                    {'device': 'AirPressure2',
                     'name': 'Pressure2',
                     'pub_date': '2017-08-11T17:37:57',
                     'title': None,
                     'value': 93.88756}],
 'lab_temperatures': [{'device': 'Coldfinger',
                       'name': 'ColdFinger Temp.',
                       'pub_date': '2017-08-11T16:13:37',
                       'title': None,
                       'value': -193.0},
                      {'device': 'EnvironmentalMonitor',
                       'name': 'Lab Temp.',
                       'pub_date': '2017-08-11T17:35:16',
                       'title': 'iServer Temp.',
                       'value': 75.3},
                      {'device': 'Chiller',
                       'name': 'Coolant Temp.',
                       'pub_date': '2017-08-11T17:22:14',
                       'title': None,
                       'value': 18.0}]}
persistence save...
persistence save - db
post measurement save
7857777456 connecting to database sqlite://@/
connected to db sqlite://@/
create new session 7857777456
close session 7857777456
No database instance. Not saving post measurement to isotopedb database
$$$$$$$$$$$$$$$ auto_save_detector_ic=False
massspec enabled True
create new session 4980350800
MassSpec Database Version: 16.0
close session 4980350800
saving post measurement to secondary database
saving to massspec database 129.138.12.160/massspecdata
setting labnumber to 25588
setting aliquot to 3
setting step to 
setting uuid to 15256571-2ac3-4acd-91b0-edaaf09ea973
setting irradpos to 25588
setting extract_device to Fusions CO2
setting tray to 
setting position to 201
setting power_requested to 4.5
setting extract_value to 4.5
setting duration to 30.0
setting duration_at_request to 30.0
setting first_stage_delay to 30.0
setting cleanup to 30.0
setting comment to J:10
setting irradiation to NM-291
setting level to J
setting irradiation_level to J
setting sample to FC-2
setting material to Sanidine
setting project to Irradiation-NM-291
setting mass_spectrometer to Jan
no attribute chron_dosages
no attribute production_ratios
no attribute interference_corrections
no attribute production_name
no attribute j
Reference Isotope=Ar40
Reference Detector=H1
%%%%%%%%%%%%%%%%%%%% Comment: J:10 %%%%%%%%%%%%%%%%%%%
adding isotope Ar41 H2
add baseline dbdet= Ar41. original det= H2
get baseline data Ar41 H2
Get data baseline <pychron.processing.isotope.Baseline object at 0x1d2ef7f90> len t=60
baseline Ar41. v=-0.100665744049, e=0.00416335258794
get signal data Ar41 H2
Get data signal Ar41 0.072+/-0.004 len t=120
adding isotope Ar40 H1
add baseline dbdet= Ar40. original det= H1
get baseline data Ar40 H1
Get data baseline <pychron.processing.isotope.Baseline object at 0x1d2ef7090> len t=60
baseline Ar40. v=0.0978222842486, e=0.00496910526277
get signal data Ar40 H1
Get data signal Ar40 1086.82+/-0.07 len t=120
adding isotope Ar39 AX
add baseline dbdet= Ar39. original det= AX
get baseline data Ar39 AX
Get data baseline <pychron.processing.isotope.Baseline object at 0x1d2ef7950> len t=60
baseline Ar39. v=-0.0259595841444, e=0.0065715590608
get signal data Ar39 AX
Get data signal Ar39 132.609+/-0.018 len t=120
adding isotope Ar38 L1
add baseline dbdet= Ar38. original det= L1
get baseline data Ar38 L1
Get data baseline <pychron.processing.isotope.Baseline object at 0x1d2ef7490> len t=60
baseline Ar38. v=0.0085519409401, e=0.00259666714052
get signal data Ar38 L1
Get data signal Ar38 1.777+/-0.005 len t=120
adding isotope Ar37 L2
add baseline dbdet= Ar37. original det= L2
get baseline data Ar37 L2
Get data baseline <pychron.processing.isotope.Baseline object at 0x1d2ef7850> len t=60
baseline Ar37. v=-0.00854005733761, e=0.00576320527332
get signal data Ar37 L2
Get data signal Ar37 0.559+/-0.009 len t=120
adding isotope Ar36 CDD
add baseline dbdet= Ar36. original det= CDD
get baseline data Ar36 CDD
Get data baseline <pychron.processing.isotope.Baseline object at 0x1d2ef7310> len t=60
baseline Ar36. v=0.000244769426874, e=2.43845131759e-05
get signal data Ar36 CDD
Get data signal Ar36 0.00659+/-0.00026 len t=120
25588-03 added analysis time 0.515546798706s
analysis added to mass spec database
mass spec save time= 0.601
persistence save - dvc
================= post measurement started
create new session 4942550704
close session 4942550704
---------------- Experiment Queue saving disabled
DVC saving peakcenter
Failed to find a valid peak. No peak greater than 1.0. max = 0.0171028888291
Smart pull ahead: 0 behind: 0
Up-to-date with origin
add to repo msg=modified - ad8224ebc6dbfeb9f5997218dfa5fe690569839d.json
add to repo msg=modified - 88-03.json
add to repo msg=modified - 88-03.dat.json
add to repo msg=modified - 88-03.blan.json
add to repo msg=modified - 88-03.inte.json
add to repo msg=modified - 88-03.icfa.json
add to repo msg=modified - 88-03.base.json
not at valid file /Users/jan/PychronDev/data/.dvc/repositories/Irradiation-NM-291/255/tags/88-03.tags.json
add to repo msg=modified - 88-03.peak.json
add to repo msg=modified - 88-03.extr.json
not at valid file /Users/jan/PychronDev/data/.dvc/repositories/Irradiation-NM-291/255/monitor/88-03.moni.json
commit message=<COLLECTION>
add to repo msg=modified - 88-03.inte.json
add to repo msg=modified - 88-03.base.json
commit message=<ISOEVO> default collection fits
add to repo msg=modified - 88-03.blan.json
commit message=<BLANKS> preceding bc-02-J-861
add to repo msg=modified - 88-03.icfa.json
commit message=<ICFactor> default
push repository <pychron.git_archive.repo_manager.GitRepoManager object at 0x1d7c66b90>
pushing to remote=origin, url=https://github.com
no changes to meta repo
create new session 4942550704
add association Irradiation-NM-291
get identifier "25588"
setting analysis irradiation position=<pychron.dvc.dvc_orm.IrradiationPositionTbl object at 0x1d0d00410>
close session 4942550704
================= post measurement finished
17:39:56 -- ******* Post Run Check *******
loading queue conditionals post_run_actions
loading system conditionals post_run_actions
loading conditionals from /Users/jan/PychronDev/setupfiles/spectrometer/default_conditionals.yaml
loading queue conditionals post_run_terminations
loading system conditionals post_run_terminations
loading conditionals from /Users/jan/PychronDev/setupfiles/spectrometer/default_conditionals.yaml
Checking default post run terminations n=1
GetDeflection CDD ===>> 50
testing CDD==2000
evaluate ot="CDD.deflection==2000" t="CDD==2000", ctx="{'CDD': 50.0}"
17:39:57 -- ******* Post Run Check Passed *******
17:39:57 -- Automated run 25588-03 success duration: 380.024 s
----------------- finish -----------------
----------------- stop -----------------
retroactive repository identifiers disabled
finish run. runs completed=44
update duration runid=25588-03, duration=380.023557901, md5=301e91d8
loading script "jan_unknown120_60.py"
loading script "jan_pump_ms.py"
loading script "jan_co2.py"
loading script "jan_pump_extraction_line.py"
testing...
no interpolation path defined
executed snippet estimated_duration=197.4, duration=0.0002601146698
script duration name:unknown120_60 seconds:197.0
loading script "jan_unknown120_60.py"
loading script "jan_pump_ms.py"
loading script "jan_co2.py"
loading script "jan_pump_extraction_line.py"
testing...
no interpolation path defined
executed snippet estimated_duration=0, duration=2.98023223877e-05
loading script "jan_unknown120_60.py"
loading script "jan_pump_ms.py"
loading script "jan_co2.py"
loading script "jan_pump_extraction_line.py"
testing...
no interpolation path defined
calculate duration
testing...
no interpolation path defined
executed snippet estimated_duration=0, duration=4.98294830322e-05
calculate duration
testing...
no interpolation path defined
executed snippet estimated_duration=0, duration=0.000108003616333
executed snippet estimated_duration=0.0, duration=0.00311708450317
script duration name:co2 seconds:0.0
loading script "jan_unknown120_60.py"
loading script "jan_pump_ms.py"
loading script "jan_co2.py"
loading script "jan_pump_extraction_line.py"
testing...
no interpolation path defined
calculate duration
testing...
no interpolation path defined
executed snippet estimated_duration=4.0, duration=0.000178813934326
executed snippet estimated_duration=4.0, duration=0.00387215614319
Script duration 197.0
Run total estimated duration= 198.000
unknown120_60 in script context. using previous estimated duration
script duration name:unknown120_60 seconds:197.0
pump_ms in script context. using previous estimated duration
co2 in script context. using previous estimated duration
script duration name:co2 seconds:0.0
pump_extraction_line in script context. using previous estimated duration
Script duration 197.0
Run total estimated duration= 198.000
script duration name:unknown120_60 seconds:197.0
script duration name:co2 seconds:0.0
Script duration 197.0
Run total estimated duration= 198.000
script duration name:unknown120_60 seconds:197.0
script duration name:co2 seconds:0.0
Script duration 197.0
Run total estimated duration= 198.000
script duration name:unknown120_60 seconds:197.0
script duration name:co2 seconds:0.0
Script duration 197.0
Run total estimated duration= 198.000
script duration name:unknown120_60 seconds:197.0
script duration name:co2 seconds:0.0
Script duration 197.0
Run total estimated duration= 198.000
script duration name:unknown120_60 seconds:197.0
script duration name:co2 seconds:0.0
Script duration 197.0
Run total estimated duration= 198.000
script duration name:unknown120_60 seconds:197.0
script duration name:co2 seconds:0.0
Script duration 197.0
Run total estimated duration= 198.000
script duration name:unknown120_60 seconds:197.0
script duration name:co2 seconds:0.0
Script duration 197.0
Run total estimated duration= 198.000
loading script "jan_unknown400_120.py"
loading script "jan_pump_ms.py"
loading script "jan_co2.py"
loading script "jan_pump_extraction_line.py"
testing...
no interpolation path defined
executed snippet estimated_duration=539.8, duration=0.000209093093872
script duration name:unknown400_120 seconds:540.0
script duration name:co2 seconds:0.0
Script duration 540.0
Run total estimated duration= 541.000
unknown400_120 in script context. using previous estimated duration
script duration name:unknown400_120 seconds:540.0
loading script "jan_unknown400_120.py"
loading script "jan_pump_ms.py"
loading script "jan_cocktail_x1.py"
loading script "jan_pump_extraction_line.py"
testing...
no interpolation path defined
calculate duration
testing...
no interpolation path defined
executed snippet estimated_duration=0, duration=5.29289245605e-05
calculate duration
testing...
no interpolation path defined
executed snippet estimated_duration=0, duration=0.000123023986816
calculate duration
testing...
no interpolation path defined
executed snippet estimated_duration=32.0, duration=0.000103950500488
calculate duration
testing...
no interpolation path defined
executed snippet estimated_duration=34.0, duration=0.000117063522339
calculate duration
testing...
no interpolation path defined
executed snippet estimated_duration=4.0, duration=6.50882720947e-05
calculate duration
testing...
no interpolation path defined
executed snippet estimated_duration=38.0, duration=9.48905944824e-05
executed snippet estimated_duration=108.0, duration=0.0124650001526
script duration name:cocktail_x1 seconds:108.0
Script duration 648.0
Run total estimated duration= 649.000
script duration name:unknown120_60 seconds:197.0
loading script "jan_unknown120_60.py"
loading script "jan_cocktail_x1.py"
loading script "jan_pump_extraction_line.py"
cocktail_x1 in script context. using previous estimated duration
script duration name:cocktail_x1 seconds:108.0
Script duration 305.0
Run total estimated duration= 306.000
loading script "jan_ic_peak_hop3_no_eq.py"
loading script "jan_pump_ms.py"
loading script "jan_pump_extraction_line.py"
testing...
no interpolation path defined
executed snippet estimated_duration=94.0, duration=0.0144720077515
script duration name:ic_peak_hop3_no_eq seconds:94.0
loading script "jan_ic_peak_hop3_no_eq.py"
loading script "jan_pump_ms.py"
loading script "jan_pump_extraction_line.py"
Script duration 94.0
Run total estimated duration= 95.000
script duration name:unknown120_60 seconds:197.0
script duration name:co2 seconds:0.0
Script duration 197.0
Run total estimated duration= 198.000
script duration name:unknown120_60 seconds:197.0
script duration name:co2 seconds:0.0
Script duration 197.0
Run total estimated duration= 198.000
script duration name:unknown120_60 seconds:197.0
script duration name:co2 seconds:0.0
Script duration 197.0
Run total estimated duration= 198.000
script duration name:unknown120_60 seconds:197.0
script duration name:co2 seconds:0.0
Script duration 197.0
Run total estimated duration= 198.000
script duration name:unknown120_60 seconds:197.0
script duration name:co2 seconds:0.0
Script duration 197.0
Run total estimated duration= 198.000
script duration name:unknown120_60 seconds:197.0
script duration name:co2 seconds:0.0
Script duration 197.0
Run total estimated duration= 198.000
script duration name:unknown120_60 seconds:197.0
script duration name:co2 seconds:0.0
Script duration 197.0
Run total estimated duration= 198.000
script duration name:unknown120_60 seconds:197.0
script duration name:co2 seconds:0.0
Script duration 197.0
Run total estimated duration= 198.000
script duration name:unknown120_60 seconds:197.0
script duration name:co2 seconds:0.0
Script duration 197.0
Run total estimated duration= 198.000
script duration name:unknown120_60 seconds:197.0
script duration name:co2 seconds:0.0
Script duration 197.0
Run total estimated duration= 198.000
script duration name:unknown120_60 seconds:197.0
script duration name:co2 seconds:0.0
Script duration 197.0
Run total estimated duration= 198.000
script duration name:unknown400_120 seconds:540.0
script duration name:cocktail_x1 seconds:108.0
Script duration 648.0
Run total estimated duration= 649.000
script duration name:unknown120_60 seconds:197.0
loading script "jan_unknown120_60.py"
loading script "jan_cocktail_x1.py"
loading script "jan_pump_extraction_line.py"
script duration name:cocktail_x1 seconds:108.0
Script duration 305.0
Run total estimated duration= 306.000
ic_peak_hop3_no_eq in script context. using previous estimated duration
script duration name:ic_peak_hop3_no_eq seconds:94.0
loading script "jan_ic_peak_hop3_no_eq.py"
loading script "jan_pump_ms.py"
loading script "jan_pump_extraction_line.py"
Script duration 94.0
Run total estimated duration= 95.000
script duration name:unknown400_120 seconds:540.0
script duration name:co2 seconds:0.0
Script duration 540.0
Run total estimated duration= 541.000
script duration name:unknown400_120 seconds:540.0
loading script "jan_unknown400_120.py"
loading script "jan_pump_ms.py"
loading script "jan_sniffair_x2.py"
loading script "jan_pump_extraction_line.py"
testing...
no interpolation path defined
calculate duration
testing...
no interpolation path defined
executed snippet estimated_duration=0, duration=4.72068786621e-05
calculate duration
testing...
no interpolation path defined
executed snippet estimated_duration=0, duration=9.89437103271e-05
calculate duration
testing...
no interpolation path defined
executed snippet estimated_duration=32.0, duration=8.48770141602e-05
calculate duration
testing...
no interpolation path defined
executed snippet estimated_duration=34.0, duration=8.9168548584e-05
calculate duration
testing...
no interpolation path defined
executed snippet estimated_duration=4.0, duration=5.69820404053e-05
calculate duration
testing...
no interpolation path defined
executed snippet estimated_duration=36.0, duration=8.29696655273e-05
calculate duration
testing...
no interpolation path defined
executed snippet estimated_duration=34.0, duration=8.79764556885e-05
calculate duration
testing...
no interpolation path defined
executed snippet estimated_duration=4.0, duration=5.69820404053e-05
calculate duration
testing...
no interpolation path defined
executed snippet estimated_duration=36.0, duration=8.10623168945e-05
calculate duration
testing...
no interpolation path defined
executed snippet estimated_duration=70.0, duration=0.000149965286255
executed snippet estimated_duration=250.0, duration=0.00987410545349
script duration name:sniffair_x2 seconds:250.0
Script duration 790.0
Run total estimated duration= 791.000
script duration name:unknown400_120 seconds:540.0
sniffair_x2 in script context. using previous estimated duration
script duration name:sniffair_x2 seconds:250.0
Script duration 790.0
Run total estimated duration= 791.000
nruns=30 before=5.0, run_dur=8724.0, btw=1105.0
write rem/ex queues
/Users/jan/PychronDev/experiments/rem/CurrentExperiment.rem.txt
/Users/jan/PychronDev/experiments/rem/CurrentExperiment.ex.txt
doing event level: 3
add run
